2012-04-24 12:31:55,713 - admin	search index="summary_indexers" | timechart partial=f span=30m per_second(kb) as KBps | eval marker = "today" | eval _time = _time+1800 | append [search index="summary_indexers" earliest=-7d@d-30m latest=-6d@d-30m | timechart span=30m per_second(kb) as KBps | eval marker = "this day last week" | eval _time = _time+86400*7+1800] | timechart median(KBps) by marker
2012-04-24 12:31:55,734 - admin	search index="summary_indexers" | timechart partial=f span=30m per_second(kb) as KBps | addinfo | eval marker = if(_time < info_min_time + 7*86400, "last week", "this week") | eval _time = if(_time < info_min_time + 7*86400, _time + 7*86400+1800, _time+1800) | chart median(KBps) by _time marker
2012-04-24 12:32:16,455 - admin	search index="summary_indexers" | timechart partial=f span=30m per_second(kb) as KBps | eval marker = "today" | eval _time = _time+1800 | append [search index="summary_indexers" earliest=-7d@d-30m latest=-6d@d-30m | timechart span=30m per_second(kb) as KBps | eval marker = "this day last week" | eval _time = _time+86400*7+1800] | timechart median(KBps) by marker
2012-04-24 12:32:16,482 - admin	search index="summary_indexers" | timechart partial=f span=30m per_second(kb) as KBps | addinfo | eval marker = if(_time < info_min_time + 7*86400, "last week", "this week") | eval _time = if(_time < info_min_time + 7*86400, _time + 7*86400+1800, _time+1800) | chart median(KBps) by _time marker
2012-04-24 12:33:06,947 - admin	search index="summary_indexers" | timechart partial=f span=30m per_second(kb) as KBps | eval marker = "today" | eval _time = _time+1800 | append [search index="summary_indexers" earliest=-7d@d-30m latest=-6d@d-30m | timechart span=30m per_second(kb) as KBps | eval marker = "this day last week" | eval _time = _time+86400*7+1800] | timechart median(KBps) by marker
2012-04-24 12:33:06,969 - admin	search index="summary_indexers" | timechart partial=f span=30m per_second(kb) as KBps | addinfo | eval marker = if(_time < info_min_time + 7*86400, "last week", "this week") | eval _time = if(_time < info_min_time + 7*86400, _time + 7*86400+1800, _time+1800) | chart median(KBps) by _time marker
2012-04-24 12:35:12,759 - admin	search index="summary_indexers" | timechart partial=f span=30m per_second(kb) as KBps | eval marker = "today" | eval _time = _time+1800 | append [search index="summary_indexers" earliest=-7d@d-30m latest=-6d@d-30m | timechart span=30m per_second(kb) as KBps | eval marker = "this day last week" | eval _time = _time+86400*7+1800] | timechart median(KBps) by marker
2012-04-24 12:35:12,817 - admin	search index="summary_indexers" | timechart partial=f span=30m per_second(kb) as KBps | addinfo | eval marker = if(_time < info_min_time + 7*86400, "last week", "this week") | eval _time = if(_time < info_min_time + 7*86400, _time + 7*86400+1800, _time+1800) | chart median(KBps) by _time marker
2012-04-24 12:47:22,931 - admin	| metadata type=sources | search totalCount>0 | rename totalCount as Count recentTime as "Last Update" | table source Count "Last Update" | fieldformat Count=tostring(Count, "commas") | fieldformat "Last Update"=strftime('Last Update', "%c")
2012-04-24 12:47:22,953 - admin	| metadata type=sourcetypes | search totalCount>0 | rename totalCount as Count recentTime as "Last Update"
2012-04-24 12:47:22,972 - admin	| metadata type=hosts | search totalCount>0 | rename totalCount as Count recentTime as "Last Update" | table host Count "Last Update" | fieldformat Count=tostring(Count, "commas") | fieldformat "Last Update"=strftime('Last Update', "%c")
2012-04-24 16:29:34,594 - admin	| metadata type=sources | search totalCount>0 | rename totalCount as Count recentTime as "Last Update" | table source Count "Last Update" | fieldformat Count=tostring(Count, "commas") | fieldformat "Last Update"=strftime('Last Update', "%c")
2012-04-24 16:29:34,695 - admin	| metadata type=sourcetypes | search totalCount>0 | rename totalCount as Count recentTime as "Last Update"
2012-04-24 16:29:34,704 - admin	| metadata type=hosts | search totalCount>0 | rename totalCount as Count recentTime as "Last Update" | table host Count "Last Update" | fieldformat Count=tostring(Count, "commas") | fieldformat "Last Update"=strftime('Last Update', "%c")
2012-04-26 16:18:50,597 - admin	| metadata type=sources | search totalCount>0 | rename totalCount as Count recentTime as "Last Update" | table source Count "Last Update" | fieldformat Count=tostring(Count, "commas") | fieldformat "Last Update"=strftime('Last Update', "%c")
2012-04-26 16:18:50,622 - admin	| metadata type=sourcetypes | search totalCount>0 | rename totalCount as Count recentTime as "Last Update"
2012-04-26 16:18:50,641 - admin	| metadata type=hosts | search totalCount>0 | rename totalCount as Count recentTime as "Last Update" | table host Count "Last Update" | fieldformat Count=tostring(Count, "commas") | fieldformat "Last Update"=strftime('Last Update', "%c")
2012-04-26 16:18:55,521 - admin	| metadata type=sources | search totalCount>0 | rename totalCount as Count recentTime as "Last Update" | table source Count "Last Update" | fieldformat Count=tostring(Count, "commas") | fieldformat "Last Update"=strftime('Last Update', "%c")
2012-04-26 16:18:55,548 - admin	| metadata type=sourcetypes | search totalCount>0 | rename totalCount as Count recentTime as "Last Update"
2012-04-26 16:18:55,578 - admin	| metadata type=hosts | search totalCount>0 | rename totalCount as Count recentTime as "Last Update" | table host Count "Last Update" | fieldformat Count=tostring(Count, "commas") | fieldformat "Last Update"=strftime('Last Update', "%c")
2012-04-26 16:19:10,658 - admin	| metadata type=sources | tags | search totalCount>0
2012-04-26 16:19:10,702 - admin	| metadata type=sourcetypes | tags | search totalCount>0
2012-04-26 16:19:10,787 - admin	| metadata type=hosts | tags | search totalCount>0
2012-04-26 16:19:11,315 - admin	| metadata type=hosts
2012-04-26 16:19:11,332 - admin	| metadata type=sources | search totalCount>0
2012-04-26 16:19:11,401 - admin	| metadata type=sourcetypes | search totalCount>0
2012-04-26 16:19:11,447 - admin	| metadata type=hosts | search totalCount>0
2012-04-26 16:19:49,163 - admin	| metadata type=sources | search totalCount>0 | rename totalCount as Count recentTime as "Last Update" | table source Count "Last Update" | fieldformat Count=tostring(Count, "commas") | fieldformat "Last Update"=strftime('Last Update', "%c")
2012-04-26 16:19:49,173 - admin	| metadata type=sourcetypes | search totalCount>0 | rename totalCount as Count recentTime as "Last Update"
2012-04-26 16:19:49,204 - admin	| metadata type=hosts | search totalCount>0 | rename totalCount as Count recentTime as "Last Update" | table host Count "Last Update" | fieldformat Count=tostring(Count, "commas") | fieldformat "Last Update"=strftime('Last Update', "%c")
2012-04-26 16:23:00,937 - admin	| metadata type=sources | search totalCount>0 | rename totalCount as Count recentTime as "Last Update" | table source Count "Last Update" | fieldformat Count=tostring(Count, "commas") | fieldformat "Last Update"=strftime('Last Update', "%c")
2012-04-26 16:23:00,971 - admin	| metadata type=sourcetypes | search totalCount>0 | rename totalCount as Count recentTime as "Last Update"
2012-04-26 16:23:00,997 - admin	| metadata type=hosts | search totalCount>0 | rename totalCount as Count recentTime as "Last Update" | table host Count "Last Update" | fieldformat Count=tostring(Count, "commas") | fieldformat "Last Update"=strftime('Last Update', "%c")
2012-04-26 16:23:28,424 - admin	| metadata type=sources | search totalCount>0 | rename totalCount as Count recentTime as "Last Update" | table source Count "Last Update" | fieldformat Count=tostring(Count, "commas") | fieldformat "Last Update"=strftime('Last Update', "%c")
2012-04-26 16:23:28,453 - admin	| metadata type=sourcetypes | search totalCount>0 | rename totalCount as Count recentTime as "Last Update"
2012-04-26 16:23:28,488 - admin	| metadata type=hosts | search totalCount>0 | rename totalCount as Count recentTime as "Last Update" | table host Count "Last Update" | fieldformat Count=tostring(Count, "commas") | fieldformat "Last Update"=strftime('Last Update', "%c")
2012-04-26 16:23:41,640 - admin	search index="_internal" source="*scheduler.log" _ScheduledView__* | head 10000 | rex "_ScheduledView__(?<view_name>\w+)" | fields _time view_name app user status
2012-04-26 16:23:41,670 - admin	search index="_internal" (source="*python.log" pdf* OR xvfb OR firefox*) | head 10000
2012-04-26 16:24:16,159 - admin	| metadata type=sources | search totalCount>0 | rename totalCount as Count recentTime as "Last Update" | table source Count "Last Update" | fieldformat Count=tostring(Count, "commas") | fieldformat "Last Update"=strftime('Last Update', "%c")
2012-04-26 16:24:16,183 - admin	| metadata type=sourcetypes | search totalCount>0 | rename totalCount as Count recentTime as "Last Update"
2012-04-26 16:24:16,216 - admin	| metadata type=hosts | search totalCount>0 | rename totalCount as Count recentTime as "Last Update" | table host Count "Last Update" | fieldformat Count=tostring(Count, "commas") | fieldformat "Last Update"=strftime('Last Update', "%c")
2012-04-26 16:24:19,627 - admin	| metadata type=sources | search totalCount>0 | rename totalCount as Count recentTime as "Last Update" | table source Count "Last Update" | fieldformat Count=tostring(Count, "commas") | fieldformat "Last Update"=strftime('Last Update', "%c")
2012-04-26 16:24:19,652 - admin	| metadata type=sourcetypes | search totalCount>0 | rename totalCount as Count recentTime as "Last Update"
2012-04-26 16:24:19,706 - admin	| metadata type=hosts | search totalCount>0 | rename totalCount as Count recentTime as "Last Update" | table host Count "Last Update" | fieldformat Count=tostring(Count, "commas") | fieldformat "Last Update"=strftime('Last Update', "%c")
2012-04-26 16:30:44,729 - admin	| metadata type=sources | search totalCount>0 | rename totalCount as Count recentTime as "Last Update" | table source Count "Last Update" | fieldformat Count=tostring(Count, "commas") | fieldformat "Last Update"=strftime('Last Update', "%c")
2012-04-26 16:30:44,751 - admin	| metadata type=sourcetypes | search totalCount>0 | rename totalCount as Count recentTime as "Last Update"
2012-04-26 16:30:44,783 - admin	| metadata type=hosts | search totalCount>0 | rename totalCount as Count recentTime as "Last Update" | table host Count "Last Update" | fieldformat Count=tostring(Count, "commas") | fieldformat "Last Update"=strftime('Last Update', "%c")
2012-04-26 16:31:06,929 - admin	search index="summary_indexers" | timechart partial=f span=30m per_second(kb) as KBps | eval marker = "today" | eval _time = _time+1800 | append [search index="summary_indexers" earliest=-7d@d-30m latest=-6d@d-30m | timechart span=30m per_second(kb) as KBps | eval marker = "this day last week" | eval _time = _time+86400*7+1800] | timechart median(KBps) by marker
2012-04-26 16:31:06,956 - admin	search index="summary_indexers" | timechart partial=f span=30m per_second(kb) as KBps | addinfo | eval marker = if(_time < info_min_time + 7*86400, "last week", "this week") | eval _time = if(_time < info_min_time + 7*86400, _time + 7*86400+1800, _time+1800) | chart median(KBps) by _time marker
2012-04-26 16:31:07,539 - admin	search `forwarder_metrics` | `forwarder_metrics_stats` avg(kb) as avg_kb_today by guid  | join guid type=outer [search earliest=-169h@h latest=-168h@h `forwarder_metrics`| stats avg(kb) as avg_kb_last_week by guid] | fillnull avg_kb_today avg_kb_last_week | appendcols [search `indexer_ratio` | fields indexer_ratio] | streamstats first(indexer_ratio) as indexer_ratio |  where indexer_ratio*.5*avg_kb_last_week > avg_kb_today | eval kb_diff = abs(round(avg_kb_last_week - avg_kb_today, 4)) | eval kb_diff_perc = round(100*kb_diff/avg_kb_last_week, 4) | eval avg_kb_last_week = round(avg_kb_last_week, 4) | eval avg_kb_today = round(avg_kb_today, 4) |  fields sourceHost connectionType avg_kb_last_week avg_kb_today kb_diff kb_diff_perc | rename sourceHost as "Forwarder" avg_kb_last_week as "Average KBps Last Week" avg_kb_today as "Average KBps Today" connectionType as "Forwarder Type"  kb_diff as "KBps Difference from Last Week" kb_diff_perc as "Percentage Difference"
2012-04-26 16:31:07,562 - admin	search `forwarder_metrics` | `forwarder_metrics_stats` avg(kb) as avg_kb_today by guid  | join guid type=outer [search earliest=-169h@h latest=-168h@h `forwarder_metrics`| stats avg(kb) as avg_kb_last_week by guid] | fillnull avg_kb_today avg_kb_last_week | appendcols [search `indexer_ratio` | fields indexer_ratio] | streamstats first(indexer_ratio) as indexer_ratio |  where indexer_ratio*avg_kb_last_week < .5*avg_kb_today | eval kb_diff = abs(round(avg_kb_last_week - avg_kb_today, 4)) | eval kb_diff_perc = round(100*kb_diff/avg_kb_last_week, 4) | eval avg_kb_last_week = round(avg_kb_last_week, 4) | eval avg_kb_today = round(avg_kb_today, 4) |  fields sourceHost connectionType avg_kb_last_week avg_kb_today kb_diff kb_diff_perc | rename sourceHost as "Forwarder" avg_kb_last_week as "Average KBps Last Week" avg_kb_today as "Average KBps Today" connectionType as "Forwarder Type"  kb_diff as "KBps Difference from Last Week" kb_diff_perc as "Percentage Difference"
2012-04-27 14:59:59,675 - admin	| metadata type=sources | search totalCount>0 | rename totalCount as Count recentTime as "Last Update" | table source Count "Last Update" | fieldformat Count=tostring(Count, "commas") | fieldformat "Last Update"=strftime('Last Update', "%c")
2012-04-27 14:59:59,697 - admin	| metadata type=sourcetypes | search totalCount>0 | rename totalCount as Count recentTime as "Last Update"
2012-04-27 14:59:59,767 - admin	| metadata type=hosts | search totalCount>0 | rename totalCount as Count recentTime as "Last Update" | table host Count "Last Update" | fieldformat Count=tostring(Count, "commas") | fieldformat "Last Update"=strftime('Last Update', "%c")
2012-04-27 15:04:21,220 - admin	| metadata type=sources | search totalCount>0 | rename totalCount as Count recentTime as "Last Update" | table source Count "Last Update" | fieldformat Count=tostring(Count, "commas") | fieldformat "Last Update"=strftime('Last Update', "%c")
2012-04-27 15:04:21,237 - admin	| metadata type=sourcetypes | search totalCount>0 | rename totalCount as Count recentTime as "Last Update"
2012-04-27 15:04:21,282 - admin	| metadata type=hosts | search totalCount>0 | rename totalCount as Count recentTime as "Last Update" | table host Count "Last Update" | fieldformat Count=tostring(Count, "commas") | fieldformat "Last Update"=strftime('Last Update', "%c")
2012-04-27 15:04:28,002 - admin	search source="/home/bigjava/My Work/log/kaskus1.log"
2012-04-27 15:08:38,002 - admin	| metadata type=sources | search totalCount>0 | rename totalCount as Count recentTime as "Last Update" | table source Count "Last Update" | fieldformat Count=tostring(Count, "commas") | fieldformat "Last Update"=strftime('Last Update', "%c")
2012-04-27 15:08:38,036 - admin	| metadata type=sourcetypes | search totalCount>0 | rename totalCount as Count recentTime as "Last Update"
2012-04-27 15:08:38,051 - admin	| metadata type=hosts | search totalCount>0 | rename totalCount as Count recentTime as "Last Update" | table host Count "Last Update" | fieldformat Count=tostring(Count, "commas") | fieldformat "Last Update"=strftime('Last Update', "%c")
2012-04-27 17:27:57,060 - admin	| metadata type=sources | search totalCount>0 | rename totalCount as Count recentTime as "Last Update" | table source Count "Last Update" | fieldformat Count=tostring(Count, "commas") | fieldformat "Last Update"=strftime('Last Update', "%c")
2012-04-27 17:27:57,109 - admin	| metadata type=sourcetypes | search totalCount>0 | rename totalCount as Count recentTime as "Last Update"
2012-04-27 17:27:57,115 - admin	| metadata type=hosts | search totalCount>0 | rename totalCount as Count recentTime as "Last Update" | table host Count "Last Update" | fieldformat Count=tostring(Count, "commas") | fieldformat "Last Update"=strftime('Last Update', "%c")
2012-04-27 17:28:05,098 - admin	search source="/home/bigjava/Downloads/bigjava.com"
2012-04-27 17:43:34,174 - admin	search index="summary_indexers" | timechart partial=f span=30m per_second(kb) as KBps | eval marker = "today" | eval _time = _time+1800 | append [search index="summary_indexers" earliest=-7d@d-30m latest=-6d@d-30m | timechart span=30m per_second(kb) as KBps | eval marker = "this day last week" | eval _time = _time+86400*7+1800] | timechart median(KBps) by marker
2012-04-27 17:43:34,205 - admin	search index="summary_indexers" | timechart partial=f span=30m per_second(kb) as KBps | addinfo | eval marker = if(_time < info_min_time + 7*86400, "last week", "this week") | eval _time = if(_time < info_min_time + 7*86400, _time + 7*86400+1800, _time+1800) | chart median(KBps) by _time marker
2012-04-27 17:43:58,782 - admin	search index="summary_indexers" | timechart partial=f span=30m per_second(kb) as KBps | eval marker = "today" | eval _time = _time+1800 | append [search index="summary_indexers" earliest=-7d@d-30m latest=-6d@d-30m | timechart span=30m per_second(kb) as KBps | eval marker = "this day last week" | eval _time = _time+86400*7+1800] | timechart median(KBps) by marker
2012-04-27 17:43:58,808 - admin	search index="summary_indexers" | timechart partial=f span=30m per_second(kb) as KBps | addinfo | eval marker = if(_time < info_min_time + 7*86400, "last week", "this week") | eval _time = if(_time < info_min_time + 7*86400, _time + 7*86400+1800, _time+1800) | chart median(KBps) by _time marker
2012-04-27 17:44:11,746 - admin	| metadata type=sources | search totalCount>0 | rename totalCount as Count recentTime as "Last Update" | table source Count "Last Update" | fieldformat Count=tostring(Count, "commas") | fieldformat "Last Update"=strftime('Last Update', "%c")
2012-04-27 17:44:11,770 - admin	| metadata type=sourcetypes | search totalCount>0 | rename totalCount as Count recentTime as "Last Update"
2012-04-27 17:44:11,804 - admin	| metadata type=hosts | search totalCount>0 | rename totalCount as Count recentTime as "Last Update" | table host Count "Last Update" | fieldformat Count=tostring(Count, "commas") | fieldformat "Last Update"=strftime('Last Update', "%c")
2012-04-27 17:44:22,764 - admin	search source="/home/bigjava/My Work/log/cek.log"
2012-04-27 19:00:57,901 - admin	| metadata type=sources | search totalCount>0 | rename totalCount as Count recentTime as "Last Update" | table source Count "Last Update" | fieldformat Count=tostring(Count, "commas") | fieldformat "Last Update"=strftime('Last Update', "%c")
2012-04-27 19:00:57,937 - admin	| metadata type=sourcetypes | search totalCount>0 | rename totalCount as Count recentTime as "Last Update"
2012-04-27 19:00:57,963 - admin	| metadata type=hosts | search totalCount>0 | rename totalCount as Count recentTime as "Last Update" | table host Count "Last Update" | fieldformat Count=tostring(Count, "commas") | fieldformat "Last Update"=strftime('Last Update', "%c")
2012-04-27 19:01:08,093 - admin	search source="/home/bigjava/My Work/log/cek.log"
2012-04-28 00:40:12,841 - admin	| metadata type=sources | search totalCount>0 | rename totalCount as Count recentTime as "Last Update" | table source Count "Last Update" | fieldformat Count=tostring(Count, "commas") | fieldformat "Last Update"=strftime('Last Update', "%c")
2012-04-28 00:40:12,867 - admin	| metadata type=sourcetypes | search totalCount>0 | rename totalCount as Count recentTime as "Last Update"
2012-04-28 00:40:12,902 - admin	| metadata type=hosts | search totalCount>0 | rename totalCount as Count recentTime as "Last Update" | table host Count "Last Update" | fieldformat Count=tostring(Count, "commas") | fieldformat "Last Update"=strftime('Last Update', "%c")
2012-04-28 00:52:47,194 - admin	| metadata type=sources | search totalCount>0 | rename totalCount as Count recentTime as "Last Update" | table source Count "Last Update" | fieldformat Count=tostring(Count, "commas") | fieldformat "Last Update"=strftime('Last Update', "%c")
2012-04-28 00:52:47,222 - admin	| metadata type=sourcetypes | search totalCount>0 | rename totalCount as Count recentTime as "Last Update"
2012-04-28 00:52:47,249 - admin	| metadata type=hosts | search totalCount>0 | rename totalCount as Count recentTime as "Last Update" | table host Count "Last Update" | fieldformat Count=tostring(Count, "commas") | fieldformat "Last Update"=strftime('Last Update', "%c")
2012-04-30 10:14:25,366 - admin	| metadata type=sources | search totalCount>0 | rename totalCount as Count recentTime as "Last Update" | table source Count "Last Update" | fieldformat Count=tostring(Count, "commas") | fieldformat "Last Update"=strftime('Last Update', "%c")
2012-04-30 10:14:25,404 - admin	| metadata type=sourcetypes | search totalCount>0 | rename totalCount as Count recentTime as "Last Update"
2012-04-30 10:14:25,430 - admin	| metadata type=hosts | search totalCount>0 | rename totalCount as Count recentTime as "Last Update" | table host Count "Last Update" | fieldformat Count=tostring(Count, "commas") | fieldformat "Last Update"=strftime('Last Update', "%c")
2012-04-30 10:17:19,948 - admin	| metadata type=sources | search totalCount>0 | rename totalCount as Count recentTime as "Last Update" | table source Count "Last Update" | fieldformat Count=tostring(Count, "commas") | fieldformat "Last Update"=strftime('Last Update', "%c")
2012-04-30 10:17:19,970 - admin	| metadata type=sourcetypes | search totalCount>0 | rename totalCount as Count recentTime as "Last Update"
2012-04-30 10:17:20,000 - admin	| metadata type=hosts | search totalCount>0 | rename totalCount as Count recentTime as "Last Update" | table host Count "Last Update" | fieldformat Count=tostring(Count, "commas") | fieldformat "Last Update"=strftime('Last Update', "%c")
